2023-05-31 11:54:54,020:WARNING:
'cuml' is a soft dependency and not included in the pycaret installation. Please run: `pip install cuml` to install.
2023-05-31 11:54:54,020:WARNING:
'cuml' is a soft dependency and not included in the pycaret installation. Please run: `pip install cuml` to install.
2023-05-31 11:54:54,020:WARNING:
'cuml' is a soft dependency and not included in the pycaret installation. Please run: `pip install cuml` to install.
2023-05-31 11:54:54,020:WARNING:
'cuml' is a soft dependency and not included in the pycaret installation. Please run: `pip install cuml` to install.
2023-05-31 11:54:55,231:WARNING:
'prophet' is a soft dependency and not included in the pycaret installation. Please run: `pip install prophet` to install.
2023-05-31 11:54:55,992:INFO:Initializing load_model()
2023-05-31 11:54:55,992:INFO:load_model(model_name=.Downloads\Tress_classifer_Booking.pkl, platform=None, authentication=None, verbose=True)
2023-05-31 11:55:24,169:INFO:Initializing load_model()
2023-05-31 11:55:24,170:INFO:load_model(model_name=.Downloads\Tress_classifer_Booking, platform=None, authentication=None, verbose=True)
2023-05-31 12:02:09,399:INFO:Initializing load_model()
2023-05-31 12:02:09,399:INFO:load_model(model_name=Tress_classifer_Booking.pkl, platform=None, authentication=None, verbose=True)
2023-05-31 12:09:28,524:INFO:Initializing load_model()
2023-05-31 12:09:28,524:INFO:load_model(model_name=Tress_classifer_Booking, platform=None, authentication=None, verbose=True)
2023-05-31 12:09:42,509:INFO:Initializing load_model()
2023-05-31 12:09:42,509:INFO:load_model(model_name=Tress_classifer_Booking, platform=None, authentication=None, verbose=True)
2023-05-31 12:09:42,649:INFO:Initializing load_model()
2023-05-31 12:09:42,649:INFO:load_model(model_name=Tress_classifer_Booking, platform=None, authentication=None, verbose=True)
2023-05-31 12:09:42,800:INFO:Initializing load_model()
2023-05-31 12:09:42,800:INFO:load_model(model_name=Tress_classifer_Booking, platform=None, authentication=None, verbose=True)
2023-05-31 12:09:42,945:INFO:Initializing load_model()
2023-05-31 12:09:42,945:INFO:load_model(model_name=Tress_classifer_Booking, platform=None, authentication=None, verbose=True)
2023-05-31 12:09:47,967:INFO:Initializing load_model()
2023-05-31 12:09:47,967:INFO:load_model(model_name=Tress_classifer_Booking, platform=None, authentication=None, verbose=True)
2023-05-31 12:12:21,000:INFO:Initializing load_model()
2023-05-31 12:12:21,001:INFO:load_model(model_name=Tress_classifer_Booking, platform=None, authentication=None, verbose=True)
2023-05-31 12:13:32,680:INFO:Initializing load_model()
2023-05-31 12:13:32,680:INFO:load_model(model_name=Tress_classifer_Booking, platform=None, authentication=None, verbose=True)
2023-05-31 12:15:21,349:INFO:Initializing load_model()
2023-05-31 12:15:21,350:INFO:load_model(model_name=Tress_classifer_Booking, platform=None, authentication=None, verbose=True)
2023-05-31 12:16:09,300:INFO:Initializing load_model()
2023-05-31 12:16:09,301:INFO:load_model(model_name=Tress_classifer_Booking, platform=None, authentication=None, verbose=True)
2023-05-31 12:16:52,167:INFO:Initializing load_model()
2023-05-31 12:16:52,167:INFO:load_model(model_name=Tress_classifer_Booking, platform=None, authentication=None, verbose=True)
2023-05-31 12:17:10,881:INFO:Initializing load_model()
2023-05-31 12:17:10,881:INFO:load_model(model_name=Tress_classifer_Booking, platform=None, authentication=None, verbose=True)
2023-05-31 12:17:11,042:INFO:Initializing load_model()
2023-05-31 12:17:11,043:INFO:load_model(model_name=Tress_classifer_Booking, platform=None, authentication=None, verbose=True)
2023-05-31 12:17:11,186:INFO:Initializing load_model()
2023-05-31 12:17:11,186:INFO:load_model(model_name=Tress_classifer_Booking, platform=None, authentication=None, verbose=True)
2023-05-31 12:17:11,327:INFO:Initializing load_model()
2023-05-31 12:17:11,327:INFO:load_model(model_name=Tress_classifer_Booking, platform=None, authentication=None, verbose=True)
2023-05-31 12:17:11,985:INFO:Initializing load_model()
2023-05-31 12:17:11,985:INFO:load_model(model_name=Tress_classifer_Booking, platform=None, authentication=None, verbose=True)
2023-05-31 12:17:12,143:INFO:Initializing load_model()
2023-05-31 12:17:12,143:INFO:load_model(model_name=Tress_classifer_Booking, platform=None, authentication=None, verbose=True)
2023-05-31 12:17:13,209:INFO:Initializing load_model()
2023-05-31 12:17:13,209:INFO:load_model(model_name=Tress_classifer_Booking, platform=None, authentication=None, verbose=True)
2023-05-31 12:17:13,378:INFO:Initializing load_model()
2023-05-31 12:17:13,378:INFO:load_model(model_name=Tress_classifer_Booking, platform=None, authentication=None, verbose=True)
2023-05-31 12:17:15,069:INFO:Initializing load_model()
2023-05-31 12:17:15,069:INFO:load_model(model_name=Tress_classifer_Booking, platform=None, authentication=None, verbose=True)
2023-05-31 12:17:15,235:INFO:Initializing load_model()
2023-05-31 12:17:15,235:INFO:load_model(model_name=Tress_classifer_Booking, platform=None, authentication=None, verbose=True)
2023-05-31 12:17:15,374:INFO:Initializing load_model()
2023-05-31 12:17:15,374:INFO:load_model(model_name=Tress_classifer_Booking, platform=None, authentication=None, verbose=True)
2023-05-31 12:17:16,563:INFO:Initializing load_model()
2023-05-31 12:17:16,564:INFO:load_model(model_name=Tress_classifer_Booking, platform=None, authentication=None, verbose=True)
2023-05-31 12:17:16,720:INFO:Initializing load_model()
2023-05-31 12:17:16,720:INFO:load_model(model_name=Tress_classifer_Booking, platform=None, authentication=None, verbose=True)
2023-05-31 12:17:16,876:INFO:Initializing load_model()
2023-05-31 12:17:16,876:INFO:load_model(model_name=Tress_classifer_Booking, platform=None, authentication=None, verbose=True)
2023-05-31 12:17:17,033:INFO:Initializing load_model()
2023-05-31 12:17:17,033:INFO:load_model(model_name=Tress_classifer_Booking, platform=None, authentication=None, verbose=True)
2023-05-31 12:17:17,178:INFO:Initializing load_model()
2023-05-31 12:17:17,178:INFO:load_model(model_name=Tress_classifer_Booking, platform=None, authentication=None, verbose=True)
2023-05-31 12:17:17,321:INFO:Initializing load_model()
2023-05-31 12:17:17,321:INFO:load_model(model_name=Tress_classifer_Booking, platform=None, authentication=None, verbose=True)
2023-05-31 12:17:17,482:INFO:Initializing load_model()
2023-05-31 12:17:17,482:INFO:load_model(model_name=Tress_classifer_Booking, platform=None, authentication=None, verbose=True)
2023-05-31 12:17:17,637:INFO:Initializing load_model()
2023-05-31 12:17:17,638:INFO:load_model(model_name=Tress_classifer_Booking, platform=None, authentication=None, verbose=True)
2023-05-31 12:17:17,795:INFO:Initializing load_model()
2023-05-31 12:17:17,795:INFO:load_model(model_name=Tress_classifer_Booking, platform=None, authentication=None, verbose=True)
2023-05-31 12:17:17,958:INFO:Initializing load_model()
2023-05-31 12:17:17,958:INFO:load_model(model_name=Tress_classifer_Booking, platform=None, authentication=None, verbose=True)
2023-05-31 12:17:18,098:INFO:Initializing load_model()
2023-05-31 12:17:18,098:INFO:load_model(model_name=Tress_classifer_Booking, platform=None, authentication=None, verbose=True)
2023-05-31 12:17:18,263:INFO:Initializing load_model()
2023-05-31 12:17:18,263:INFO:load_model(model_name=Tress_classifer_Booking, platform=None, authentication=None, verbose=True)
2023-05-31 12:17:19,194:INFO:Initializing load_model()
2023-05-31 12:17:19,195:INFO:load_model(model_name=Tress_classifer_Booking, platform=None, authentication=None, verbose=True)
2023-05-31 12:17:19,725:INFO:Initializing load_model()
2023-05-31 12:17:19,725:INFO:load_model(model_name=Tress_classifer_Booking, platform=None, authentication=None, verbose=True)
2023-05-31 12:17:22,851:INFO:Initializing load_model()
2023-05-31 12:17:22,851:INFO:load_model(model_name=Tress_classifer_Booking, platform=None, authentication=None, verbose=True)
2023-05-31 12:17:23,049:INFO:Initializing load_model()
2023-05-31 12:17:23,049:INFO:load_model(model_name=Tress_classifer_Booking, platform=None, authentication=None, verbose=True)
2023-05-31 12:17:23,214:INFO:Initializing load_model()
2023-05-31 12:17:23,214:INFO:load_model(model_name=Tress_classifer_Booking, platform=None, authentication=None, verbose=True)
2023-05-31 12:17:23,368:INFO:Initializing load_model()
2023-05-31 12:17:23,369:INFO:load_model(model_name=Tress_classifer_Booking, platform=None, authentication=None, verbose=True)
2023-05-31 12:17:23,780:INFO:Initializing load_model()
2023-05-31 12:17:23,781:INFO:load_model(model_name=Tress_classifer_Booking, platform=None, authentication=None, verbose=True)
2023-05-31 12:17:23,938:INFO:Initializing load_model()
2023-05-31 12:17:23,938:INFO:load_model(model_name=Tress_classifer_Booking, platform=None, authentication=None, verbose=True)
2023-05-31 12:17:24,095:INFO:Initializing load_model()
2023-05-31 12:17:24,096:INFO:load_model(model_name=Tress_classifer_Booking, platform=None, authentication=None, verbose=True)
2023-05-31 12:17:24,517:INFO:Initializing load_model()
2023-05-31 12:17:24,517:INFO:load_model(model_name=Tress_classifer_Booking, platform=None, authentication=None, verbose=True)
2023-05-31 12:17:28,813:INFO:Initializing load_model()
2023-05-31 12:17:28,814:INFO:load_model(model_name=Tress_classifer_Booking, platform=None, authentication=None, verbose=True)
2023-05-31 12:17:31,729:INFO:Initializing load_model()
2023-05-31 12:17:31,729:INFO:load_model(model_name=Tress_classifer_Booking, platform=None, authentication=None, verbose=True)
2023-05-31 12:17:31,758:INFO:Initializing predict_model()
2023-05-31 12:17:31,758:INFO:predict_model(self=<pycaret.classification.oop.ClassificationExperiment object at 0x00000234C171A320>, estimator=ExtraTreesClassifier(n_jobs=-1, random_state=123), probability_threshold=None, encoded_labels=False, raw_score=False, round=4, verbose=True, ml_usecase=None, preprocess=True, encode_labels=<function _SupervisedExperiment.predict_model.<locals>.encode_labels at 0x00000234C1547400>)
2023-05-31 12:17:31,758:INFO:Checking exceptions
2023-05-31 12:20:03,620:INFO:Initializing load_model()
2023-05-31 12:20:03,620:INFO:load_model(model_name=Tress_classifer_Booking, platform=None, authentication=None, verbose=True)
2023-05-31 12:20:10,938:INFO:Initializing load_model()
2023-05-31 12:20:10,939:INFO:load_model(model_name=Tress_classifer_Booking, platform=None, authentication=None, verbose=True)
2023-05-31 12:20:10,965:INFO:Initializing predict_model()
2023-05-31 12:20:10,965:INFO:predict_model(self=<pycaret.classification.oop.ClassificationExperiment object at 0x00000234D13F3490>, estimator=ExtraTreesClassifier(n_jobs=-1, random_state=123), probability_threshold=None, encoded_labels=False, raw_score=False, round=4, verbose=True, ml_usecase=None, preprocess=True, encode_labels=<function _SupervisedExperiment.predict_model.<locals>.encode_labels at 0x00000234D2581FC0>)
2023-05-31 12:20:10,965:INFO:Checking exceptions
2023-05-31 12:20:31,224:INFO:Initializing load_model()
2023-05-31 12:20:31,224:INFO:load_model(model_name=Tress_classifer_Booking, platform=None, authentication=None, verbose=True)
2023-05-31 12:20:31,354:INFO:Initializing load_model()
2023-05-31 12:20:31,355:INFO:load_model(model_name=Tress_classifer_Booking, platform=None, authentication=None, verbose=True)
2023-05-31 12:20:31,382:INFO:Initializing predict_model()
2023-05-31 12:20:31,384:INFO:predict_model(self=<pycaret.classification.oop.ClassificationExperiment object at 0x00000234D106FB50>, estimator=ExtraTreesClassifier(n_jobs=-1, random_state=123), probability_threshold=None, encoded_labels=False, raw_score=False, round=4, verbose=True, ml_usecase=None, preprocess=True, encode_labels=<function _SupervisedExperiment.predict_model.<locals>.encode_labels at 0x00000234D1342050>)
2023-05-31 12:20:31,384:INFO:Checking exceptions
2023-05-31 12:23:51,702:WARNING:
'cuml' is a soft dependency and not included in the pycaret installation. Please run: `pip install cuml` to install.
2023-05-31 12:23:51,702:WARNING:
'cuml' is a soft dependency and not included in the pycaret installation. Please run: `pip install cuml` to install.
2023-05-31 12:23:51,702:WARNING:
'cuml' is a soft dependency and not included in the pycaret installation. Please run: `pip install cuml` to install.
2023-05-31 12:23:51,702:WARNING:
'cuml' is a soft dependency and not included in the pycaret installation. Please run: `pip install cuml` to install.
2023-05-31 12:23:52,320:WARNING:
'prophet' is a soft dependency and not included in the pycaret installation. Please run: `pip install prophet` to install.
2023-05-31 12:23:52,790:INFO:Initializing load_model()
2023-05-31 12:23:52,790:INFO:load_model(model_name=Tress_classifer_Booking, platform=None, authentication=None, verbose=True)
2023-05-31 12:23:56,516:INFO:Initializing load_model()
2023-05-31 12:23:56,516:INFO:load_model(model_name=Tress_classifer_Booking, platform=None, authentication=None, verbose=True)
2023-05-31 12:24:01,434:INFO:Initializing load_model()
2023-05-31 12:24:01,434:INFO:load_model(model_name=Tress_classifer_Booking, platform=None, authentication=None, verbose=True)
2023-05-31 12:24:03,447:INFO:Initializing load_model()
2023-05-31 12:24:03,447:INFO:load_model(model_name=Tress_classifer_Booking, platform=None, authentication=None, verbose=True)
2023-05-31 12:24:08,423:INFO:Initializing load_model()
2023-05-31 12:24:08,423:INFO:load_model(model_name=Tress_classifer_Booking, platform=None, authentication=None, verbose=True)
2023-05-31 12:24:08,451:INFO:Initializing predict_model()
2023-05-31 12:24:08,451:INFO:predict_model(self=<pycaret.classification.oop.ClassificationExperiment object at 0x000001B8B03DF7C0>, estimator=ExtraTreesClassifier(n_jobs=-1, random_state=123), probability_threshold=None, encoded_labels=False, raw_score=False, round=4, verbose=True, ml_usecase=None, preprocess=True, encode_labels=<function _SupervisedExperiment.predict_model.<locals>.encode_labels at 0x000001B8B06317E0>)
2023-05-31 12:24:08,451:INFO:Checking exceptions
2023-05-31 12:33:19,589:INFO:Initializing load_model()
2023-05-31 12:33:19,589:INFO:load_model(model_name=Tress_classifer_Booking, platform=None, authentication=None, verbose=True)
2023-05-31 12:33:21,574:INFO:Initializing load_model()
2023-05-31 12:33:21,574:INFO:load_model(model_name=Tress_classifer_Booking, platform=None, authentication=None, verbose=True)
2023-05-31 12:35:45,447:INFO:Initializing load_model()
2023-05-31 12:35:45,447:INFO:load_model(model_name=Tress_classifer_Booking, platform=None, authentication=None, verbose=True)
2023-05-31 12:35:46,561:INFO:Initializing load_model()
2023-05-31 12:35:46,561:INFO:load_model(model_name=Tress_classifer_Booking, platform=None, authentication=None, verbose=True)
2023-05-31 12:51:25,800:INFO:Initializing load_model()
2023-05-31 12:51:25,801:INFO:load_model(model_name=Tress_classifer_Booking, platform=None, authentication=None, verbose=True)
2023-05-31 12:51:27,367:INFO:Initializing load_model()
2023-05-31 12:51:27,367:INFO:load_model(model_name=Tress_classifer_Booking, platform=None, authentication=None, verbose=True)
2023-05-31 12:56:04,526:INFO:Initializing load_model()
2023-05-31 12:56:04,526:INFO:load_model(model_name=Tress_classifer_Booking, platform=None, authentication=None, verbose=True)
2023-05-31 12:56:12,385:INFO:Initializing load_model()
2023-05-31 12:56:12,385:INFO:load_model(model_name=Tress_classifer_Booking, platform=None, authentication=None, verbose=True)
2023-05-31 12:56:15,514:INFO:Initializing load_model()
2023-05-31 12:56:15,514:INFO:load_model(model_name=Tress_classifer_Booking, platform=None, authentication=None, verbose=True)
2023-05-31 12:56:15,695:INFO:Initializing load_model()
2023-05-31 12:56:15,695:INFO:load_model(model_name=Tress_classifer_Booking, platform=None, authentication=None, verbose=True)
2023-05-31 12:56:15,835:INFO:Initializing load_model()
2023-05-31 12:56:15,836:INFO:load_model(model_name=Tress_classifer_Booking, platform=None, authentication=None, verbose=True)
2023-05-31 12:56:15,995:INFO:Initializing load_model()
2023-05-31 12:56:15,996:INFO:load_model(model_name=Tress_classifer_Booking, platform=None, authentication=None, verbose=True)
2023-05-31 12:56:29,615:INFO:Initializing load_model()
2023-05-31 12:56:29,615:INFO:load_model(model_name=Tress_classifer_Booking, platform=None, authentication=None, verbose=True)
2023-05-31 12:56:31,933:INFO:Initializing load_model()
2023-05-31 12:56:31,933:INFO:load_model(model_name=Tress_classifer_Booking, platform=None, authentication=None, verbose=True)
2023-05-31 12:56:33,626:INFO:Initializing load_model()
2023-05-31 12:56:33,626:INFO:load_model(model_name=Tress_classifer_Booking, platform=None, authentication=None, verbose=True)
2023-05-31 12:56:34,932:INFO:Initializing load_model()
2023-05-31 12:56:34,932:INFO:load_model(model_name=Tress_classifer_Booking, platform=None, authentication=None, verbose=True)
2023-05-31 12:56:36,665:INFO:Initializing load_model()
2023-05-31 12:56:36,666:INFO:load_model(model_name=Tress_classifer_Booking, platform=None, authentication=None, verbose=True)
2023-05-31 12:56:38,069:INFO:Initializing load_model()
2023-05-31 12:56:38,069:INFO:load_model(model_name=Tress_classifer_Booking, platform=None, authentication=None, verbose=True)
2023-05-31 12:56:39,858:INFO:Initializing load_model()
2023-05-31 12:56:39,858:INFO:load_model(model_name=Tress_classifer_Booking, platform=None, authentication=None, verbose=True)
2023-05-31 12:56:43,462:INFO:Initializing load_model()
2023-05-31 12:56:43,462:INFO:load_model(model_name=Tress_classifer_Booking, platform=None, authentication=None, verbose=True)
2023-05-31 13:13:08,493:INFO:Initializing load_model()
2023-05-31 13:13:08,494:INFO:load_model(model_name=Prediction_model, platform=None, authentication=None, verbose=True)
2023-05-31 13:13:08,541:WARNING:C:\Users\Admin\AppData\Roaming\Python\Python310\site-packages\pycaret\internal\pipeline.py:135: UserWarning: Version mismatch:
current: {'deps_info': {'pip': '22.0.4', 'setuptools': '58.1.0', 'pycaret': '3.0.2', 'IPython': '8.13.2', 'ipywidgets': '8.0.6', 'tqdm': '4.65.0', 'numpy': '1.23.3', 'pandas': '1.5.0', 'jinja2': '3.1.2', 'scipy': '1.10.1', 'joblib': '1.2.0', 'sklearn': '1.2.2', 'pyod': '1.0.9', 'imblearn': '0.10.1', 'category_encoders': '2.6.1', 'lightgbm': '3.3.5', 'numba': '0.57.0', 'requests': '2.27.1', 'matplotlib': '3.7.1', 'scikitplot': '0.3.7', 'yellowbrick': '1.5', 'plotly': '5.14.1', 'kaleido': '0.2.1', 'statsmodels': '0.14.0', 'sktime': '0.17.0', 'tbats': '1.1.3', 'pmdarima': '2.0.3', 'psutil': '5.9.5'}, 'python': {'version': '3.10.4', 'machine': 'AMD64'}}
pickle: {'deps_info': {'pip': '23.1.2', 'setuptools': '67.7.2', 'pycaret': '3.0.2', 'IPython': '7.34.0', 'ipywidgets': '7.7.1', 'tqdm': '4.65.0', 'numpy': '1.22.4', 'pandas': '1.5.3', 'jinja2': '3.1.2', 'scipy': '1.10.1', 'joblib': '1.2.0', 'sklearn': '1.2.2', 'pyod': '1.0.9', 'imblearn': '0.10.1', 'category_encoders': '2.6.1', 'lightgbm': '3.3.5', 'numba': '0.56.4', 'requests': '2.27.1', 'matplotlib': '3.7.1', 'scikitplot': '0.3.7', 'yellowbrick': '1.5', 'plotly': '5.13.1', 'kaleido': '0.2.1', 'statsmodels': '0.13.5', 'sktime': '0.17.0', 'tbats': '1.1.3', 'pmdarima': '2.0.3', 'psutil': '5.9.5'}, 'python': {'version': '3.10.11', 'machine': 'x86_64'}}
  warnings.warn(

2023-05-31 13:13:10,991:INFO:Initializing predict_model()
2023-05-31 13:13:10,992:INFO:predict_model(self=<pycaret.classification.oop.ClassificationExperiment object at 0x000001B8B06AFB80>, estimator=Pipeline(memory=FastMemory(location=/tmp/joblib),
         steps=[('label_encoding',
                 TransformerWrapperWithInverse(transformer=LabelEncoder())),
                ('date_feature_extractor',
                 TransformerWrapper(include=['Created At', 'Updated At'],
                                    transformer=ExtractDateTimeFeatures())),
                ('numerical_imputer',
                 TransformerWrapper(include=['Model ID', 'Variant ID',
                                             'Showroom Price'],
                                    transforme...
                                                              handle_missing='return_nan',
                                                              use_cat_names=True))),
                ('rest_encoding',
                 TransformerWrapper(include=['Accessories price', 'City'],
                                    transformer=TargetEncoder(cols=['Accessories '
                                                                    'price',
                                                                    'City'],
                                                              handle_missing='return_nan'))),
                ('clean_column_names',
                 TransformerWrapper(transformer=CleanColumnNames())),
                ('actual_estimator',
                 ExtraTreesClassifier(n_jobs=-1, random_state=123))]), probability_threshold=None, encoded_labels=False, raw_score=False, round=4, verbose=True, ml_usecase=None, preprocess=True, encode_labels=<function _SupervisedExperiment.predict_model.<locals>.encode_labels at 0x000001B8B1822EF0>)
2023-05-31 13:13:10,992:INFO:Checking exceptions
2023-05-31 13:13:10,992:INFO:Preloading libraries
2023-05-31 13:13:10,992:INFO:Set up data.
2023-05-31 13:13:10,998:INFO:Set up index.
2023-05-31 13:14:23,898:INFO:Initializing load_model()
2023-05-31 13:14:23,899:INFO:load_model(model_name=Prediction_model, platform=None, authentication=None, verbose=True)
2023-05-31 13:14:23,938:WARNING:C:\Users\Admin\AppData\Roaming\Python\Python310\site-packages\pycaret\internal\pipeline.py:135: UserWarning: Version mismatch:
current: {'deps_info': {'pip': '22.0.4', 'setuptools': '58.1.0', 'pycaret': '3.0.2', 'IPython': '8.13.2', 'ipywidgets': '8.0.6', 'tqdm': '4.65.0', 'numpy': '1.23.3', 'pandas': '1.5.0', 'jinja2': '3.1.2', 'scipy': '1.10.1', 'joblib': '1.2.0', 'sklearn': '1.2.2', 'pyod': '1.0.9', 'imblearn': '0.10.1', 'category_encoders': '2.6.1', 'lightgbm': '3.3.5', 'numba': '0.57.0', 'requests': '2.27.1', 'matplotlib': '3.7.1', 'scikitplot': '0.3.7', 'yellowbrick': '1.5', 'plotly': '5.14.1', 'kaleido': '0.2.1', 'statsmodels': '0.14.0', 'sktime': '0.17.0', 'tbats': '1.1.3', 'pmdarima': '2.0.3', 'psutil': '5.9.5'}, 'python': {'version': '3.10.4', 'machine': 'AMD64'}}
pickle: {'deps_info': {'pip': '23.1.2', 'setuptools': '67.7.2', 'pycaret': '3.0.2', 'IPython': '7.34.0', 'ipywidgets': '7.7.1', 'tqdm': '4.65.0', 'numpy': '1.22.4', 'pandas': '1.5.3', 'jinja2': '3.1.2', 'scipy': '1.10.1', 'joblib': '1.2.0', 'sklearn': '1.2.2', 'pyod': '1.0.9', 'imblearn': '0.10.1', 'category_encoders': '2.6.1', 'lightgbm': '3.3.5', 'numba': '0.56.4', 'requests': '2.27.1', 'matplotlib': '3.7.1', 'scikitplot': '0.3.7', 'yellowbrick': '1.5', 'plotly': '5.13.1', 'kaleido': '0.2.1', 'statsmodels': '0.13.5', 'sktime': '0.17.0', 'tbats': '1.1.3', 'pmdarima': '2.0.3', 'psutil': '5.9.5'}, 'python': {'version': '3.10.11', 'machine': 'x86_64'}}
  warnings.warn(

2023-05-31 13:14:25,436:INFO:Initializing load_model()
2023-05-31 13:14:25,436:INFO:load_model(model_name=Prediction_model, platform=None, authentication=None, verbose=True)
2023-05-31 13:14:25,470:WARNING:C:\Users\Admin\AppData\Roaming\Python\Python310\site-packages\pycaret\internal\pipeline.py:135: UserWarning: Version mismatch:
current: {'deps_info': {'pip': '22.0.4', 'setuptools': '58.1.0', 'pycaret': '3.0.2', 'IPython': '8.13.2', 'ipywidgets': '8.0.6', 'tqdm': '4.65.0', 'numpy': '1.23.3', 'pandas': '1.5.0', 'jinja2': '3.1.2', 'scipy': '1.10.1', 'joblib': '1.2.0', 'sklearn': '1.2.2', 'pyod': '1.0.9', 'imblearn': '0.10.1', 'category_encoders': '2.6.1', 'lightgbm': '3.3.5', 'numba': '0.57.0', 'requests': '2.27.1', 'matplotlib': '3.7.1', 'scikitplot': '0.3.7', 'yellowbrick': '1.5', 'plotly': '5.14.1', 'kaleido': '0.2.1', 'statsmodels': '0.14.0', 'sktime': '0.17.0', 'tbats': '1.1.3', 'pmdarima': '2.0.3', 'psutil': '5.9.5'}, 'python': {'version': '3.10.4', 'machine': 'AMD64'}}
pickle: {'deps_info': {'pip': '23.1.2', 'setuptools': '67.7.2', 'pycaret': '3.0.2', 'IPython': '7.34.0', 'ipywidgets': '7.7.1', 'tqdm': '4.65.0', 'numpy': '1.22.4', 'pandas': '1.5.3', 'jinja2': '3.1.2', 'scipy': '1.10.1', 'joblib': '1.2.0', 'sklearn': '1.2.2', 'pyod': '1.0.9', 'imblearn': '0.10.1', 'category_encoders': '2.6.1', 'lightgbm': '3.3.5', 'numba': '0.56.4', 'requests': '2.27.1', 'matplotlib': '3.7.1', 'scikitplot': '0.3.7', 'yellowbrick': '1.5', 'plotly': '5.13.1', 'kaleido': '0.2.1', 'statsmodels': '0.13.5', 'sktime': '0.17.0', 'tbats': '1.1.3', 'pmdarima': '2.0.3', 'psutil': '5.9.5'}, 'python': {'version': '3.10.11', 'machine': 'x86_64'}}
  warnings.warn(

2023-05-31 13:14:25,575:INFO:Initializing predict_model()
2023-05-31 13:14:25,575:INFO:predict_model(self=<pycaret.classification.oop.ClassificationExperiment object at 0x000001B8A0812AD0>, estimator=Pipeline(memory=FastMemory(location=/tmp/joblib),
         steps=[('label_encoding',
                 TransformerWrapperWithInverse(transformer=LabelEncoder())),
                ('date_feature_extractor',
                 TransformerWrapper(include=['Created At', 'Updated At'],
                                    transformer=ExtractDateTimeFeatures())),
                ('numerical_imputer',
                 TransformerWrapper(include=['Model ID', 'Variant ID',
                                             'Showroom Price'],
                                    transforme...
                                                              handle_missing='return_nan',
                                                              use_cat_names=True))),
                ('rest_encoding',
                 TransformerWrapper(include=['Accessories price', 'City'],
                                    transformer=TargetEncoder(cols=['Accessories '
                                                                    'price',
                                                                    'City'],
                                                              handle_missing='return_nan'))),
                ('clean_column_names',
                 TransformerWrapper(transformer=CleanColumnNames())),
                ('actual_estimator',
                 ExtraTreesClassifier(n_jobs=-1, random_state=123))]), probability_threshold=None, encoded_labels=False, raw_score=False, round=4, verbose=True, ml_usecase=None, preprocess=True, encode_labels=<function _SupervisedExperiment.predict_model.<locals>.encode_labels at 0x000001B8B1821CF0>)
2023-05-31 13:14:25,575:INFO:Checking exceptions
2023-05-31 13:14:25,575:INFO:Preloading libraries
2023-05-31 13:14:25,576:INFO:Set up data.
2023-05-31 13:14:25,582:INFO:Set up index.
2023-05-31 13:14:52,673:INFO:Initializing load_model()
2023-05-31 13:14:52,673:INFO:load_model(model_name=Prediction_model, platform=None, authentication=None, verbose=True)
2023-05-31 13:14:52,708:WARNING:C:\Users\Admin\AppData\Roaming\Python\Python310\site-packages\pycaret\internal\pipeline.py:135: UserWarning: Version mismatch:
current: {'deps_info': {'pip': '22.0.4', 'setuptools': '58.1.0', 'pycaret': '3.0.2', 'IPython': '8.13.2', 'ipywidgets': '8.0.6', 'tqdm': '4.65.0', 'numpy': '1.23.3', 'pandas': '1.5.0', 'jinja2': '3.1.2', 'scipy': '1.10.1', 'joblib': '1.2.0', 'sklearn': '1.2.2', 'pyod': '1.0.9', 'imblearn': '0.10.1', 'category_encoders': '2.6.1', 'lightgbm': '3.3.5', 'numba': '0.57.0', 'requests': '2.27.1', 'matplotlib': '3.7.1', 'scikitplot': '0.3.7', 'yellowbrick': '1.5', 'plotly': '5.14.1', 'kaleido': '0.2.1', 'statsmodels': '0.14.0', 'sktime': '0.17.0', 'tbats': '1.1.3', 'pmdarima': '2.0.3', 'psutil': '5.9.5'}, 'python': {'version': '3.10.4', 'machine': 'AMD64'}}
pickle: {'deps_info': {'pip': '23.1.2', 'setuptools': '67.7.2', 'pycaret': '3.0.2', 'IPython': '7.34.0', 'ipywidgets': '7.7.1', 'tqdm': '4.65.0', 'numpy': '1.22.4', 'pandas': '1.5.3', 'jinja2': '3.1.2', 'scipy': '1.10.1', 'joblib': '1.2.0', 'sklearn': '1.2.2', 'pyod': '1.0.9', 'imblearn': '0.10.1', 'category_encoders': '2.6.1', 'lightgbm': '3.3.5', 'numba': '0.56.4', 'requests': '2.27.1', 'matplotlib': '3.7.1', 'scikitplot': '0.3.7', 'yellowbrick': '1.5', 'plotly': '5.13.1', 'kaleido': '0.2.1', 'statsmodels': '0.13.5', 'sktime': '0.17.0', 'tbats': '1.1.3', 'pmdarima': '2.0.3', 'psutil': '5.9.5'}, 'python': {'version': '3.10.11', 'machine': 'x86_64'}}
  warnings.warn(

2023-05-31 13:14:53,695:INFO:Initializing load_model()
2023-05-31 13:14:53,695:INFO:load_model(model_name=Prediction_model, platform=None, authentication=None, verbose=True)
2023-05-31 13:14:53,730:WARNING:C:\Users\Admin\AppData\Roaming\Python\Python310\site-packages\pycaret\internal\pipeline.py:135: UserWarning: Version mismatch:
current: {'deps_info': {'pip': '22.0.4', 'setuptools': '58.1.0', 'pycaret': '3.0.2', 'IPython': '8.13.2', 'ipywidgets': '8.0.6', 'tqdm': '4.65.0', 'numpy': '1.23.3', 'pandas': '1.5.0', 'jinja2': '3.1.2', 'scipy': '1.10.1', 'joblib': '1.2.0', 'sklearn': '1.2.2', 'pyod': '1.0.9', 'imblearn': '0.10.1', 'category_encoders': '2.6.1', 'lightgbm': '3.3.5', 'numba': '0.57.0', 'requests': '2.27.1', 'matplotlib': '3.7.1', 'scikitplot': '0.3.7', 'yellowbrick': '1.5', 'plotly': '5.14.1', 'kaleido': '0.2.1', 'statsmodels': '0.14.0', 'sktime': '0.17.0', 'tbats': '1.1.3', 'pmdarima': '2.0.3', 'psutil': '5.9.5'}, 'python': {'version': '3.10.4', 'machine': 'AMD64'}}
pickle: {'deps_info': {'pip': '23.1.2', 'setuptools': '67.7.2', 'pycaret': '3.0.2', 'IPython': '7.34.0', 'ipywidgets': '7.7.1', 'tqdm': '4.65.0', 'numpy': '1.22.4', 'pandas': '1.5.3', 'jinja2': '3.1.2', 'scipy': '1.10.1', 'joblib': '1.2.0', 'sklearn': '1.2.2', 'pyod': '1.0.9', 'imblearn': '0.10.1', 'category_encoders': '2.6.1', 'lightgbm': '3.3.5', 'numba': '0.56.4', 'requests': '2.27.1', 'matplotlib': '3.7.1', 'scikitplot': '0.3.7', 'yellowbrick': '1.5', 'plotly': '5.13.1', 'kaleido': '0.2.1', 'statsmodels': '0.13.5', 'sktime': '0.17.0', 'tbats': '1.1.3', 'pmdarima': '2.0.3', 'psutil': '5.9.5'}, 'python': {'version': '3.10.11', 'machine': 'x86_64'}}
  warnings.warn(

2023-05-31 13:14:53,839:INFO:Initializing predict_model()
2023-05-31 13:14:53,839:INFO:predict_model(self=<pycaret.classification.oop.ClassificationExperiment object at 0x000001B8B06AE7D0>, estimator=Pipeline(memory=FastMemory(location=/tmp/joblib),
         steps=[('label_encoding',
                 TransformerWrapperWithInverse(transformer=LabelEncoder())),
                ('date_feature_extractor',
                 TransformerWrapper(include=['Created At', 'Updated At'],
                                    transformer=ExtractDateTimeFeatures())),
                ('numerical_imputer',
                 TransformerWrapper(include=['Model ID', 'Variant ID',
                                             'Showroom Price'],
                                    transforme...
                                                              handle_missing='return_nan',
                                                              use_cat_names=True))),
                ('rest_encoding',
                 TransformerWrapper(include=['Accessories price', 'City'],
                                    transformer=TargetEncoder(cols=['Accessories '
                                                                    'price',
                                                                    'City'],
                                                              handle_missing='return_nan'))),
                ('clean_column_names',
                 TransformerWrapper(transformer=CleanColumnNames())),
                ('actual_estimator',
                 ExtraTreesClassifier(n_jobs=-1, random_state=123))]), probability_threshold=None, encoded_labels=False, raw_score=False, round=4, verbose=True, ml_usecase=None, preprocess=True, encode_labels=<function _SupervisedExperiment.predict_model.<locals>.encode_labels at 0x000001B8B18229E0>)
2023-05-31 13:14:53,840:INFO:Checking exceptions
2023-05-31 13:14:53,840:INFO:Preloading libraries
2023-05-31 13:14:53,840:INFO:Set up data.
2023-05-31 13:14:53,846:INFO:Set up index.
2023-05-31 13:18:03,108:INFO:Initializing load_model()
2023-05-31 13:18:03,108:INFO:load_model(model_name=Prediction_model, platform=None, authentication=None, verbose=True)
2023-05-31 13:18:03,146:WARNING:C:\Users\Admin\AppData\Roaming\Python\Python310\site-packages\pycaret\internal\pipeline.py:135: UserWarning: Version mismatch:
current: {'deps_info': {'pip': '22.0.4', 'setuptools': '58.1.0', 'pycaret': '3.0.2', 'IPython': '8.13.2', 'ipywidgets': '8.0.6', 'tqdm': '4.65.0', 'numpy': '1.23.3', 'pandas': '1.5.0', 'jinja2': '3.1.2', 'scipy': '1.10.1', 'joblib': '1.2.0', 'sklearn': '1.2.2', 'pyod': '1.0.9', 'imblearn': '0.10.1', 'category_encoders': '2.6.1', 'lightgbm': '3.3.5', 'numba': '0.57.0', 'requests': '2.27.1', 'matplotlib': '3.7.1', 'scikitplot': '0.3.7', 'yellowbrick': '1.5', 'plotly': '5.14.1', 'kaleido': '0.2.1', 'statsmodels': '0.14.0', 'sktime': '0.17.0', 'tbats': '1.1.3', 'pmdarima': '2.0.3', 'psutil': '5.9.5'}, 'python': {'version': '3.10.4', 'machine': 'AMD64'}}
pickle: {'deps_info': {'pip': '23.1.2', 'setuptools': '67.7.2', 'pycaret': '3.0.2', 'IPython': '7.34.0', 'ipywidgets': '7.7.1', 'tqdm': '4.65.0', 'numpy': '1.22.4', 'pandas': '1.5.3', 'jinja2': '3.1.2', 'scipy': '1.10.1', 'joblib': '1.2.0', 'sklearn': '1.2.2', 'pyod': '1.0.9', 'imblearn': '0.10.1', 'category_encoders': '2.6.1', 'lightgbm': '3.3.5', 'numba': '0.56.4', 'requests': '2.27.1', 'matplotlib': '3.7.1', 'scikitplot': '0.3.7', 'yellowbrick': '1.5', 'plotly': '5.13.1', 'kaleido': '0.2.1', 'statsmodels': '0.13.5', 'sktime': '0.17.0', 'tbats': '1.1.3', 'pmdarima': '2.0.3', 'psutil': '5.9.5'}, 'python': {'version': '3.10.11', 'machine': 'x86_64'}}
  warnings.warn(

2023-05-31 13:18:04,496:INFO:Initializing load_model()
2023-05-31 13:18:04,496:INFO:load_model(model_name=Prediction_model, platform=None, authentication=None, verbose=True)
2023-05-31 13:18:04,530:WARNING:C:\Users\Admin\AppData\Roaming\Python\Python310\site-packages\pycaret\internal\pipeline.py:135: UserWarning: Version mismatch:
current: {'deps_info': {'pip': '22.0.4', 'setuptools': '58.1.0', 'pycaret': '3.0.2', 'IPython': '8.13.2', 'ipywidgets': '8.0.6', 'tqdm': '4.65.0', 'numpy': '1.23.3', 'pandas': '1.5.0', 'jinja2': '3.1.2', 'scipy': '1.10.1', 'joblib': '1.2.0', 'sklearn': '1.2.2', 'pyod': '1.0.9', 'imblearn': '0.10.1', 'category_encoders': '2.6.1', 'lightgbm': '3.3.5', 'numba': '0.57.0', 'requests': '2.27.1', 'matplotlib': '3.7.1', 'scikitplot': '0.3.7', 'yellowbrick': '1.5', 'plotly': '5.14.1', 'kaleido': '0.2.1', 'statsmodels': '0.14.0', 'sktime': '0.17.0', 'tbats': '1.1.3', 'pmdarima': '2.0.3', 'psutil': '5.9.5'}, 'python': {'version': '3.10.4', 'machine': 'AMD64'}}
pickle: {'deps_info': {'pip': '23.1.2', 'setuptools': '67.7.2', 'pycaret': '3.0.2', 'IPython': '7.34.0', 'ipywidgets': '7.7.1', 'tqdm': '4.65.0', 'numpy': '1.22.4', 'pandas': '1.5.3', 'jinja2': '3.1.2', 'scipy': '1.10.1', 'joblib': '1.2.0', 'sklearn': '1.2.2', 'pyod': '1.0.9', 'imblearn': '0.10.1', 'category_encoders': '2.6.1', 'lightgbm': '3.3.5', 'numba': '0.56.4', 'requests': '2.27.1', 'matplotlib': '3.7.1', 'scikitplot': '0.3.7', 'yellowbrick': '1.5', 'plotly': '5.13.1', 'kaleido': '0.2.1', 'statsmodels': '0.13.5', 'sktime': '0.17.0', 'tbats': '1.1.3', 'pmdarima': '2.0.3', 'psutil': '5.9.5'}, 'python': {'version': '3.10.11', 'machine': 'x86_64'}}
  warnings.warn(

2023-05-31 13:18:04,635:INFO:Initializing predict_model()
2023-05-31 13:18:04,635:INFO:predict_model(self=<pycaret.classification.oop.ClassificationExperiment object at 0x000001B8B06AF1F0>, estimator=Pipeline(memory=FastMemory(location=/tmp/joblib),
         steps=[('label_encoding',
                 TransformerWrapperWithInverse(transformer=LabelEncoder())),
                ('date_feature_extractor',
                 TransformerWrapper(include=['Created At', 'Updated At'],
                                    transformer=ExtractDateTimeFeatures())),
                ('numerical_imputer',
                 TransformerWrapper(include=['Model ID', 'Variant ID',
                                             'Showroom Price'],
                                    transforme...
                                                              handle_missing='return_nan',
                                                              use_cat_names=True))),
                ('rest_encoding',
                 TransformerWrapper(include=['Accessories price', 'City'],
                                    transformer=TargetEncoder(cols=['Accessories '
                                                                    'price',
                                                                    'City'],
                                                              handle_missing='return_nan'))),
                ('clean_column_names',
                 TransformerWrapper(transformer=CleanColumnNames())),
                ('actual_estimator',
                 ExtraTreesClassifier(n_jobs=-1, random_state=123))]), probability_threshold=None, encoded_labels=False, raw_score=False, round=4, verbose=True, ml_usecase=None, preprocess=True, encode_labels=<function _SupervisedExperiment.predict_model.<locals>.encode_labels at 0x000001B8B1823640>)
2023-05-31 13:18:04,636:INFO:Checking exceptions
2023-05-31 13:18:04,636:INFO:Preloading libraries
2023-05-31 13:18:04,636:INFO:Set up data.
2023-05-31 13:18:04,644:INFO:Set up index.
2023-05-31 13:18:16,396:INFO:Initializing load_model()
2023-05-31 13:18:16,396:INFO:load_model(model_name=Prediction_model, platform=None, authentication=None, verbose=True)
2023-05-31 13:18:16,429:WARNING:C:\Users\Admin\AppData\Roaming\Python\Python310\site-packages\pycaret\internal\pipeline.py:135: UserWarning: Version mismatch:
current: {'deps_info': {'pip': '22.0.4', 'setuptools': '58.1.0', 'pycaret': '3.0.2', 'IPython': '8.13.2', 'ipywidgets': '8.0.6', 'tqdm': '4.65.0', 'numpy': '1.23.3', 'pandas': '1.5.0', 'jinja2': '3.1.2', 'scipy': '1.10.1', 'joblib': '1.2.0', 'sklearn': '1.2.2', 'pyod': '1.0.9', 'imblearn': '0.10.1', 'category_encoders': '2.6.1', 'lightgbm': '3.3.5', 'numba': '0.57.0', 'requests': '2.27.1', 'matplotlib': '3.7.1', 'scikitplot': '0.3.7', 'yellowbrick': '1.5', 'plotly': '5.14.1', 'kaleido': '0.2.1', 'statsmodels': '0.14.0', 'sktime': '0.17.0', 'tbats': '1.1.3', 'pmdarima': '2.0.3', 'psutil': '5.9.5'}, 'python': {'version': '3.10.4', 'machine': 'AMD64'}}
pickle: {'deps_info': {'pip': '23.1.2', 'setuptools': '67.7.2', 'pycaret': '3.0.2', 'IPython': '7.34.0', 'ipywidgets': '7.7.1', 'tqdm': '4.65.0', 'numpy': '1.22.4', 'pandas': '1.5.3', 'jinja2': '3.1.2', 'scipy': '1.10.1', 'joblib': '1.2.0', 'sklearn': '1.2.2', 'pyod': '1.0.9', 'imblearn': '0.10.1', 'category_encoders': '2.6.1', 'lightgbm': '3.3.5', 'numba': '0.56.4', 'requests': '2.27.1', 'matplotlib': '3.7.1', 'scikitplot': '0.3.7', 'yellowbrick': '1.5', 'plotly': '5.13.1', 'kaleido': '0.2.1', 'statsmodels': '0.13.5', 'sktime': '0.17.0', 'tbats': '1.1.3', 'pmdarima': '2.0.3', 'psutil': '5.9.5'}, 'python': {'version': '3.10.11', 'machine': 'x86_64'}}
  warnings.warn(

2023-05-31 13:18:16,523:INFO:Initializing predict_model()
2023-05-31 13:18:16,523:INFO:predict_model(self=<pycaret.classification.oop.ClassificationExperiment object at 0x000001B8B06AD240>, estimator=Pipeline(memory=FastMemory(location=/tmp/joblib),
         steps=[('label_encoding',
                 TransformerWrapperWithInverse(transformer=LabelEncoder())),
                ('date_feature_extractor',
                 TransformerWrapper(include=['Created At', 'Updated At'],
                                    transformer=ExtractDateTimeFeatures())),
                ('numerical_imputer',
                 TransformerWrapper(include=['Model ID', 'Variant ID',
                                             'Showroom Price'],
                                    transforme...
                                                              handle_missing='return_nan',
                                                              use_cat_names=True))),
                ('rest_encoding',
                 TransformerWrapper(include=['Accessories price', 'City'],
                                    transformer=TargetEncoder(cols=['Accessories '
                                                                    'price',
                                                                    'City'],
                                                              handle_missing='return_nan'))),
                ('clean_column_names',
                 TransformerWrapper(transformer=CleanColumnNames())),
                ('actual_estimator',
                 ExtraTreesClassifier(n_jobs=-1, random_state=123))]), probability_threshold=None, encoded_labels=False, raw_score=False, round=4, verbose=True, ml_usecase=None, preprocess=True, encode_labels=<function _SupervisedExperiment.predict_model.<locals>.encode_labels at 0x000001B8B18220E0>)
2023-05-31 13:18:16,524:INFO:Checking exceptions
2023-05-31 13:18:16,524:INFO:Preloading libraries
2023-05-31 13:18:16,524:INFO:Set up data.
2023-05-31 13:18:16,530:INFO:Set up index.
2023-05-31 13:18:23,911:INFO:Initializing load_model()
2023-05-31 13:18:23,911:INFO:load_model(model_name=Prediction_model, platform=None, authentication=None, verbose=True)
2023-05-31 13:18:23,944:WARNING:C:\Users\Admin\AppData\Roaming\Python\Python310\site-packages\pycaret\internal\pipeline.py:135: UserWarning: Version mismatch:
current: {'deps_info': {'pip': '22.0.4', 'setuptools': '58.1.0', 'pycaret': '3.0.2', 'IPython': '8.13.2', 'ipywidgets': '8.0.6', 'tqdm': '4.65.0', 'numpy': '1.23.3', 'pandas': '1.5.0', 'jinja2': '3.1.2', 'scipy': '1.10.1', 'joblib': '1.2.0', 'sklearn': '1.2.2', 'pyod': '1.0.9', 'imblearn': '0.10.1', 'category_encoders': '2.6.1', 'lightgbm': '3.3.5', 'numba': '0.57.0', 'requests': '2.27.1', 'matplotlib': '3.7.1', 'scikitplot': '0.3.7', 'yellowbrick': '1.5', 'plotly': '5.14.1', 'kaleido': '0.2.1', 'statsmodels': '0.14.0', 'sktime': '0.17.0', 'tbats': '1.1.3', 'pmdarima': '2.0.3', 'psutil': '5.9.5'}, 'python': {'version': '3.10.4', 'machine': 'AMD64'}}
pickle: {'deps_info': {'pip': '23.1.2', 'setuptools': '67.7.2', 'pycaret': '3.0.2', 'IPython': '7.34.0', 'ipywidgets': '7.7.1', 'tqdm': '4.65.0', 'numpy': '1.22.4', 'pandas': '1.5.3', 'jinja2': '3.1.2', 'scipy': '1.10.1', 'joblib': '1.2.0', 'sklearn': '1.2.2', 'pyod': '1.0.9', 'imblearn': '0.10.1', 'category_encoders': '2.6.1', 'lightgbm': '3.3.5', 'numba': '0.56.4', 'requests': '2.27.1', 'matplotlib': '3.7.1', 'scikitplot': '0.3.7', 'yellowbrick': '1.5', 'plotly': '5.13.1', 'kaleido': '0.2.1', 'statsmodels': '0.13.5', 'sktime': '0.17.0', 'tbats': '1.1.3', 'pmdarima': '2.0.3', 'psutil': '5.9.5'}, 'python': {'version': '3.10.11', 'machine': 'x86_64'}}
  warnings.warn(

2023-05-31 13:18:24,670:INFO:Initializing load_model()
2023-05-31 13:18:24,670:INFO:load_model(model_name=Prediction_model, platform=None, authentication=None, verbose=True)
2023-05-31 13:18:24,707:WARNING:C:\Users\Admin\AppData\Roaming\Python\Python310\site-packages\pycaret\internal\pipeline.py:135: UserWarning: Version mismatch:
current: {'deps_info': {'pip': '22.0.4', 'setuptools': '58.1.0', 'pycaret': '3.0.2', 'IPython': '8.13.2', 'ipywidgets': '8.0.6', 'tqdm': '4.65.0', 'numpy': '1.23.3', 'pandas': '1.5.0', 'jinja2': '3.1.2', 'scipy': '1.10.1', 'joblib': '1.2.0', 'sklearn': '1.2.2', 'pyod': '1.0.9', 'imblearn': '0.10.1', 'category_encoders': '2.6.1', 'lightgbm': '3.3.5', 'numba': '0.57.0', 'requests': '2.27.1', 'matplotlib': '3.7.1', 'scikitplot': '0.3.7', 'yellowbrick': '1.5', 'plotly': '5.14.1', 'kaleido': '0.2.1', 'statsmodels': '0.14.0', 'sktime': '0.17.0', 'tbats': '1.1.3', 'pmdarima': '2.0.3', 'psutil': '5.9.5'}, 'python': {'version': '3.10.4', 'machine': 'AMD64'}}
pickle: {'deps_info': {'pip': '23.1.2', 'setuptools': '67.7.2', 'pycaret': '3.0.2', 'IPython': '7.34.0', 'ipywidgets': '7.7.1', 'tqdm': '4.65.0', 'numpy': '1.22.4', 'pandas': '1.5.3', 'jinja2': '3.1.2', 'scipy': '1.10.1', 'joblib': '1.2.0', 'sklearn': '1.2.2', 'pyod': '1.0.9', 'imblearn': '0.10.1', 'category_encoders': '2.6.1', 'lightgbm': '3.3.5', 'numba': '0.56.4', 'requests': '2.27.1', 'matplotlib': '3.7.1', 'scikitplot': '0.3.7', 'yellowbrick': '1.5', 'plotly': '5.13.1', 'kaleido': '0.2.1', 'statsmodels': '0.13.5', 'sktime': '0.17.0', 'tbats': '1.1.3', 'pmdarima': '2.0.3', 'psutil': '5.9.5'}, 'python': {'version': '3.10.11', 'machine': 'x86_64'}}
  warnings.warn(

2023-05-31 13:18:26,058:INFO:Initializing load_model()
2023-05-31 13:18:26,058:INFO:load_model(model_name=Prediction_model, platform=None, authentication=None, verbose=True)
2023-05-31 13:18:26,094:WARNING:C:\Users\Admin\AppData\Roaming\Python\Python310\site-packages\pycaret\internal\pipeline.py:135: UserWarning: Version mismatch:
current: {'deps_info': {'pip': '22.0.4', 'setuptools': '58.1.0', 'pycaret': '3.0.2', 'IPython': '8.13.2', 'ipywidgets': '8.0.6', 'tqdm': '4.65.0', 'numpy': '1.23.3', 'pandas': '1.5.0', 'jinja2': '3.1.2', 'scipy': '1.10.1', 'joblib': '1.2.0', 'sklearn': '1.2.2', 'pyod': '1.0.9', 'imblearn': '0.10.1', 'category_encoders': '2.6.1', 'lightgbm': '3.3.5', 'numba': '0.57.0', 'requests': '2.27.1', 'matplotlib': '3.7.1', 'scikitplot': '0.3.7', 'yellowbrick': '1.5', 'plotly': '5.14.1', 'kaleido': '0.2.1', 'statsmodels': '0.14.0', 'sktime': '0.17.0', 'tbats': '1.1.3', 'pmdarima': '2.0.3', 'psutil': '5.9.5'}, 'python': {'version': '3.10.4', 'machine': 'AMD64'}}
pickle: {'deps_info': {'pip': '23.1.2', 'setuptools': '67.7.2', 'pycaret': '3.0.2', 'IPython': '7.34.0', 'ipywidgets': '7.7.1', 'tqdm': '4.65.0', 'numpy': '1.22.4', 'pandas': '1.5.3', 'jinja2': '3.1.2', 'scipy': '1.10.1', 'joblib': '1.2.0', 'sklearn': '1.2.2', 'pyod': '1.0.9', 'imblearn': '0.10.1', 'category_encoders': '2.6.1', 'lightgbm': '3.3.5', 'numba': '0.56.4', 'requests': '2.27.1', 'matplotlib': '3.7.1', 'scikitplot': '0.3.7', 'yellowbrick': '1.5', 'plotly': '5.13.1', 'kaleido': '0.2.1', 'statsmodels': '0.13.5', 'sktime': '0.17.0', 'tbats': '1.1.3', 'pmdarima': '2.0.3', 'psutil': '5.9.5'}, 'python': {'version': '3.10.11', 'machine': 'x86_64'}}
  warnings.warn(

2023-05-31 13:18:27,355:INFO:Initializing load_model()
2023-05-31 13:18:27,355:INFO:load_model(model_name=Prediction_model, platform=None, authentication=None, verbose=True)
2023-05-31 13:18:27,391:WARNING:C:\Users\Admin\AppData\Roaming\Python\Python310\site-packages\pycaret\internal\pipeline.py:135: UserWarning: Version mismatch:
current: {'deps_info': {'pip': '22.0.4', 'setuptools': '58.1.0', 'pycaret': '3.0.2', 'IPython': '8.13.2', 'ipywidgets': '8.0.6', 'tqdm': '4.65.0', 'numpy': '1.23.3', 'pandas': '1.5.0', 'jinja2': '3.1.2', 'scipy': '1.10.1', 'joblib': '1.2.0', 'sklearn': '1.2.2', 'pyod': '1.0.9', 'imblearn': '0.10.1', 'category_encoders': '2.6.1', 'lightgbm': '3.3.5', 'numba': '0.57.0', 'requests': '2.27.1', 'matplotlib': '3.7.1', 'scikitplot': '0.3.7', 'yellowbrick': '1.5', 'plotly': '5.14.1', 'kaleido': '0.2.1', 'statsmodels': '0.14.0', 'sktime': '0.17.0', 'tbats': '1.1.3', 'pmdarima': '2.0.3', 'psutil': '5.9.5'}, 'python': {'version': '3.10.4', 'machine': 'AMD64'}}
pickle: {'deps_info': {'pip': '23.1.2', 'setuptools': '67.7.2', 'pycaret': '3.0.2', 'IPython': '7.34.0', 'ipywidgets': '7.7.1', 'tqdm': '4.65.0', 'numpy': '1.22.4', 'pandas': '1.5.3', 'jinja2': '3.1.2', 'scipy': '1.10.1', 'joblib': '1.2.0', 'sklearn': '1.2.2', 'pyod': '1.0.9', 'imblearn': '0.10.1', 'category_encoders': '2.6.1', 'lightgbm': '3.3.5', 'numba': '0.56.4', 'requests': '2.27.1', 'matplotlib': '3.7.1', 'scikitplot': '0.3.7', 'yellowbrick': '1.5', 'plotly': '5.13.1', 'kaleido': '0.2.1', 'statsmodels': '0.13.5', 'sktime': '0.17.0', 'tbats': '1.1.3', 'pmdarima': '2.0.3', 'psutil': '5.9.5'}, 'python': {'version': '3.10.11', 'machine': 'x86_64'}}
  warnings.warn(

2023-05-31 13:18:29,093:INFO:Initializing load_model()
2023-05-31 13:18:29,093:INFO:load_model(model_name=Prediction_model, platform=None, authentication=None, verbose=True)
2023-05-31 13:18:29,129:WARNING:C:\Users\Admin\AppData\Roaming\Python\Python310\site-packages\pycaret\internal\pipeline.py:135: UserWarning: Version mismatch:
current: {'deps_info': {'pip': '22.0.4', 'setuptools': '58.1.0', 'pycaret': '3.0.2', 'IPython': '8.13.2', 'ipywidgets': '8.0.6', 'tqdm': '4.65.0', 'numpy': '1.23.3', 'pandas': '1.5.0', 'jinja2': '3.1.2', 'scipy': '1.10.1', 'joblib': '1.2.0', 'sklearn': '1.2.2', 'pyod': '1.0.9', 'imblearn': '0.10.1', 'category_encoders': '2.6.1', 'lightgbm': '3.3.5', 'numba': '0.57.0', 'requests': '2.27.1', 'matplotlib': '3.7.1', 'scikitplot': '0.3.7', 'yellowbrick': '1.5', 'plotly': '5.14.1', 'kaleido': '0.2.1', 'statsmodels': '0.14.0', 'sktime': '0.17.0', 'tbats': '1.1.3', 'pmdarima': '2.0.3', 'psutil': '5.9.5'}, 'python': {'version': '3.10.4', 'machine': 'AMD64'}}
pickle: {'deps_info': {'pip': '23.1.2', 'setuptools': '67.7.2', 'pycaret': '3.0.2', 'IPython': '7.34.0', 'ipywidgets': '7.7.1', 'tqdm': '4.65.0', 'numpy': '1.22.4', 'pandas': '1.5.3', 'jinja2': '3.1.2', 'scipy': '1.10.1', 'joblib': '1.2.0', 'sklearn': '1.2.2', 'pyod': '1.0.9', 'imblearn': '0.10.1', 'category_encoders': '2.6.1', 'lightgbm': '3.3.5', 'numba': '0.56.4', 'requests': '2.27.1', 'matplotlib': '3.7.1', 'scikitplot': '0.3.7', 'yellowbrick': '1.5', 'plotly': '5.13.1', 'kaleido': '0.2.1', 'statsmodels': '0.13.5', 'sktime': '0.17.0', 'tbats': '1.1.3', 'pmdarima': '2.0.3', 'psutil': '5.9.5'}, 'python': {'version': '3.10.11', 'machine': 'x86_64'}}
  warnings.warn(

2023-05-31 13:18:29,933:INFO:Initializing load_model()
2023-05-31 13:18:29,933:INFO:load_model(model_name=Prediction_model, platform=None, authentication=None, verbose=True)
2023-05-31 13:18:29,968:WARNING:C:\Users\Admin\AppData\Roaming\Python\Python310\site-packages\pycaret\internal\pipeline.py:135: UserWarning: Version mismatch:
current: {'deps_info': {'pip': '22.0.4', 'setuptools': '58.1.0', 'pycaret': '3.0.2', 'IPython': '8.13.2', 'ipywidgets': '8.0.6', 'tqdm': '4.65.0', 'numpy': '1.23.3', 'pandas': '1.5.0', 'jinja2': '3.1.2', 'scipy': '1.10.1', 'joblib': '1.2.0', 'sklearn': '1.2.2', 'pyod': '1.0.9', 'imblearn': '0.10.1', 'category_encoders': '2.6.1', 'lightgbm': '3.3.5', 'numba': '0.57.0', 'requests': '2.27.1', 'matplotlib': '3.7.1', 'scikitplot': '0.3.7', 'yellowbrick': '1.5', 'plotly': '5.14.1', 'kaleido': '0.2.1', 'statsmodels': '0.14.0', 'sktime': '0.17.0', 'tbats': '1.1.3', 'pmdarima': '2.0.3', 'psutil': '5.9.5'}, 'python': {'version': '3.10.4', 'machine': 'AMD64'}}
pickle: {'deps_info': {'pip': '23.1.2', 'setuptools': '67.7.2', 'pycaret': '3.0.2', 'IPython': '7.34.0', 'ipywidgets': '7.7.1', 'tqdm': '4.65.0', 'numpy': '1.22.4', 'pandas': '1.5.3', 'jinja2': '3.1.2', 'scipy': '1.10.1', 'joblib': '1.2.0', 'sklearn': '1.2.2', 'pyod': '1.0.9', 'imblearn': '0.10.1', 'category_encoders': '2.6.1', 'lightgbm': '3.3.5', 'numba': '0.56.4', 'requests': '2.27.1', 'matplotlib': '3.7.1', 'scikitplot': '0.3.7', 'yellowbrick': '1.5', 'plotly': '5.13.1', 'kaleido': '0.2.1', 'statsmodels': '0.13.5', 'sktime': '0.17.0', 'tbats': '1.1.3', 'pmdarima': '2.0.3', 'psutil': '5.9.5'}, 'python': {'version': '3.10.11', 'machine': 'x86_64'}}
  warnings.warn(

2023-05-31 13:18:30,067:INFO:Initializing predict_model()
2023-05-31 13:18:30,067:INFO:predict_model(self=<pycaret.classification.oop.ClassificationExperiment object at 0x000001B8B041A830>, estimator=Pipeline(memory=FastMemory(location=/tmp/joblib),
         steps=[('label_encoding',
                 TransformerWrapperWithInverse(transformer=LabelEncoder())),
                ('date_feature_extractor',
                 TransformerWrapper(include=['Created At', 'Updated At'],
                                    transformer=ExtractDateTimeFeatures())),
                ('numerical_imputer',
                 TransformerWrapper(include=['Model ID', 'Variant ID',
                                             'Showroom Price'],
                                    transforme...
                                                              handle_missing='return_nan',
                                                              use_cat_names=True))),
                ('rest_encoding',
                 TransformerWrapper(include=['Accessories price', 'City'],
                                    transformer=TargetEncoder(cols=['Accessories '
                                                                    'price',
                                                                    'City'],
                                                              handle_missing='return_nan'))),
                ('clean_column_names',
                 TransformerWrapper(transformer=CleanColumnNames())),
                ('actual_estimator',
                 ExtraTreesClassifier(n_jobs=-1, random_state=123))]), probability_threshold=None, encoded_labels=False, raw_score=False, round=4, verbose=True, ml_usecase=None, preprocess=True, encode_labels=<function _SupervisedExperiment.predict_model.<locals>.encode_labels at 0x000001B8B1A1DB40>)
2023-05-31 13:18:30,067:INFO:Checking exceptions
2023-05-31 13:18:30,067:INFO:Preloading libraries
2023-05-31 13:18:30,068:INFO:Set up data.
2023-05-31 13:18:30,075:INFO:Set up index.
